  [1m[36m (1.7ms)[0m  [1mCREATE TABLE "schema_migrations" ("version" varchar NOT NULL) [0m
  [1m[35m (0.1ms)[0m  select sqlite_version(*)
  [1m[36m (1.6ms)[0m  [1mCREATE UNIQUE INDEX "unique_schema_migrations" ON "schema_migrations" ("version")[0m
  [1m[35mActiveRecord::SchemaMigration Load (0.1ms)[0m  SELECT "schema_migrations".* FROM "schema_migrations"


Started GET "/" for ::1 at 2015-11-17 17:47:54 -0600
Processing by Rails::WelcomeController#index as HTML
  Rendered /Users/admin/.rvm/gems/ruby-2.1.2/gems/railties-4.2.3/lib/rails/templates/rails/welcome/index.html.erb (2.8ms)
Completed 200 OK in 27ms (Views: 19.4ms | ActiveRecord: 0.0ms)
  [1m[36mActiveRecord::SchemaMigration Load (0.1ms)[0m  [1mSELECT "schema_migrations".* FROM "schema_migrations"[0m
Migrating to CreateStudents (1)
  [1m[35m (0.1ms)[0m  begin transaction
  [1m[36m (0.4ms)[0m  [1mCREATE TABLE "students" ("id" INTEGER PRIMARY KEY AUTOINCREMENT NOT NULL, "first_name" varchar, "last_name" varchar, "created_at" datetime NOT NULL, "updated_at" datetime NOT NULL) [0m
  [1m[35mSQL (0.3ms)[0m  INSERT INTO "schema_migrations" ("version") VALUES (?)  [["version", "1"]]
  [1m[36m (1.4ms)[0m  [1mcommit transaction[0m
  [1m[35mActiveRecord::SchemaMigration Load (0.1ms)[0m  SELECT "schema_migrations".* FROM "schema_migrations"
  [1m[36m (0.1ms)[0m  [1mbegin transaction[0m
  [1m[35mSQL (0.3ms)[0m  INSERT INTO "students" ("first_name", "last_name", "created_at", "updated_at") VALUES (?, ?, ?, ?)  [["first_name", "Jordan"], ["last_name", "Hudgens"], ["created_at", "2015-11-18 00:10:55.545365"], ["updated_at", "2015-11-18 00:10:55.545365"]]
  [1m[36m (2.9ms)[0m  [1mcommit transaction[0m
  [1m[35mStudent Load (0.2ms)[0m  SELECT  "students".* FROM "students"  ORDER BY "students"."id" DESC LIMIT 1
  [1m[36m (0.1ms)[0m  [1mbegin transaction[0m
  [1m[35mSQL (0.3ms)[0m  INSERT INTO "students" ("created_at", "updated_at") VALUES (?, ?)  [["created_at", "2015-11-18 00:17:49.095449"], ["updated_at", "2015-11-18 00:17:49.095449"]]
  [1m[36m (1.2ms)[0m  [1mcommit transaction[0m
  [1m[35mStudent Load (0.2ms)[0m  SELECT  "students".* FROM "students"  ORDER BY "students"."id" DESC LIMIT 1
  [1m[36mActiveRecord::SchemaMigration Load (0.1ms)[0m  [1mSELECT "schema_migrations".* FROM "schema_migrations"[0m
  [1m[35mActiveRecord::SchemaMigration Load (0.1ms)[0m  SELECT "schema_migrations".* FROM "schema_migrations"


Started GET "/" for ::1 at 2015-11-18 13:36:42 -0600
  [1m[36mActiveRecord::SchemaMigration Load (0.1ms)[0m  [1mSELECT "schema_migrations".* FROM "schema_migrations"[0m
Processing by Rails::WelcomeController#index as HTML
  Rendered /Users/admin/.rvm/gems/ruby-2.1.2/gems/railties-4.2.3/lib/rails/templates/rails/welcome/index.html.erb (2.4ms)
Completed 200 OK in 39ms (Views: 24.5ms | ActiveRecord: 0.0ms)


Started GET "/" for ::1 at 2015-11-18 13:37:10 -0600
Processing by Rails::WelcomeController#index as HTML
  Rendered /Users/admin/.rvm/gems/ruby-2.1.2/gems/railties-4.2.3/lib/rails/templates/rails/welcome/index.html.erb (0.0ms)
Completed 200 OK in 1ms (Views: 0.7ms | ActiveRecord: 0.0ms)
  [1m[36mActiveRecord::SchemaMigration Load (0.5ms)[0m  [1mSELECT "schema_migrations".* FROM "schema_migrations"[0m
  [1m[35mActiveRecord::SchemaMigration Load (0.1ms)[0m  SELECT "schema_migrations".* FROM "schema_migrations"
  [1m[36mStudent Load (0.4ms)[0m  [1mSELECT  "students".* FROM "students"  ORDER BY "students"."id" DESC LIMIT 1[0m
  [1m[35mStudent Load (0.2ms)[0m  SELECT  "students".* FROM "students"  ORDER BY "students"."id" DESC LIMIT 1
  [1m[36m (0.1ms)[0m  [1mbegin transaction[0m
  [1m[35mSQL (0.6ms)[0m  DELETE FROM "students" WHERE "students"."id" = ?  [["id", 2]]
  [1m[36m (1.6ms)[0m  [1mcommit transaction[0m
  [1m[35mStudent Load (0.2ms)[0m  SELECT "students".* FROM "students"
  [1m[36mActiveRecord::SchemaMigration Load (0.1ms)[0m  [1mSELECT "schema_migrations".* FROM "schema_migrations"[0m
Migrating to CreateSchoolClasses (20190101181840)
  [1m[35m (0.1ms)[0m  begin transaction
  [1m[36m (0.8ms)[0m  [1mCREATE TABLE "school_classes" ("id" INTEGER PRIMARY KEY AUTOINCREMENT NOT NULL, "title" varchar, "room_number" integer, "created_at" datetime NOT NULL, "updated_at" datetime NOT NULL) [0m
  [1m[35mSQL (0.2ms)[0m  INSERT INTO "schema_migrations" ("version") VALUES (?)  [["version", "20190101181840"]]
  [1m[36m (0.8ms)[0m  [1mcommit transaction[0m
  [1m[35mActiveRecord::SchemaMigration Load (0.2ms)[0m  SELECT "schema_migrations".* FROM "schema_migrations"
  [1m[36mSchoolClass Load (1.6ms)[0m  [1mSELECT "school_classes".* FROM "school_classes"[0m


Started GET "/posts/" for ::1 at 2019-01-01 18:51:37 +0000
  [1m[36mActiveRecord::SchemaMigration Load (0.2ms)[0m  [1mSELECT "schema_migrations".* FROM "schema_migrations"[0m

ActionController::RoutingError (No route matches [GET] "/posts"):
  actionpack (4.2.11) lib/action_dispatch/middleware/debug_exceptions.rb:21:in `call'
  actionpack (4.2.11) lib/action_dispatch/middleware/show_exceptions.rb:30:in `call'
  railties (4.2.11) lib/rails/rack/logger.rb:38:in `call_app'
  railties (4.2.11) lib/rails/rack/logger.rb:20:in `block in call'
  activesupport (4.2.11) lib/active_support/tagged_logging.rb:68:in `block in tagged'
  activesupport (4.2.11) lib/active_support/tagged_logging.rb:26:in `tagged'
  activesupport (4.2.11) lib/active_support/tagged_logging.rb:68:in `tagged'
  railties (4.2.11) lib/rails/rack/logger.rb:20:in `call'
  actionpack (4.2.11) lib/action_dispatch/middleware/request_id.rb:21:in `call'
  rack (1.6.11) lib/rack/methodoverride.rb:22:in `call'
  rack (1.6.11) lib/rack/runtime.rb:18:in `call'
  activesupport (4.2.11) lib/active_support/cache/strategy/local_cache_middleware.rb:28:in `call'
  rack (1.6.11) lib/rack/lock.rb:17:in `call'
  actionpack (4.2.11) lib/action_dispatch/middleware/static.rb:120:in `call'
  rack (1.6.11) lib/rack/sendfile.rb:113:in `call'
  railties (4.2.11) lib/rails/engine.rb:518:in `call'
  railties (4.2.11) lib/rails/application.rb:165:in `call'
  rack (1.6.11) lib/rack/lock.rb:17:in `call'
  rack (1.6.11) lib/rack/content_length.rb:15:in `call'
  rack (1.6.11) lib/rack/handler/webrick.rb:88:in `service'
  /Users/Kev/.rvm/rubies/ruby-2.3.3/lib/ruby/2.3.0/webrick/httpserver.rb:140:in `service'
  /Users/Kev/.rvm/rubies/ruby-2.3.3/lib/ruby/2.3.0/webrick/httpserver.rb:96:in `run'
  /Users/Kev/.rvm/rubies/ruby-2.3.3/lib/ruby/2.3.0/webrick/server.rb:296:in `block in start_thread'


  Rendered /Users/Kev/.rvm/gems/ruby-2.3.3/gems/actionpack-4.2.11/lib/action_dispatch/middleware/templates/rescues/_trace.html.erb (1.3ms)
  Rendered /Users/Kev/.rvm/gems/ruby-2.3.3/gems/actionpack-4.2.11/lib/action_dispatch/middleware/templates/routes/_route.html.erb (2.2ms)
  Rendered /Users/Kev/.rvm/gems/ruby-2.3.3/gems/actionpack-4.2.11/lib/action_dispatch/middleware/templates/routes/_table.html.erb (9.6ms)
  Rendered /Users/Kev/.rvm/gems/ruby-2.3.3/gems/actionpack-4.2.11/lib/action_dispatch/middleware/templates/rescues/_request_and_response.html.erb (10.6ms)
  Rendered /Users/Kev/.rvm/gems/ruby-2.3.3/gems/actionpack-4.2.11/lib/action_dispatch/middleware/templates/rescues/routing_error.html.erb within rescues/layout (172.9ms)


Started GET "/students" for ::1 at 2019-01-01 18:51:45 +0000
Processing by StudentsController#index as HTML
Completed 500 Internal Server Error in 19ms (ActiveRecord: 0.0ms)

ActionView::MissingTemplate (Missing template students/index, application/index with {:locale=>[:en], :formats=>[:html], :variants=>[], :handlers=>[:erb, :builder, :raw, :ruby, :coffee, :jbuilder]}. Searched in:
  * "/Users/Kev/Desktop/Bootcamp/rails/rails-form_for-lab-london-web-111918/app/views"
):
  actionview (4.2.11) lib/action_view/path_set.rb:46:in `find'
  actionview (4.2.11) lib/action_view/lookup_context.rb:121:in `find'
  actionview (4.2.11) lib/action_view/renderer/abstract_renderer.rb:18:in `find_template'
  actionview (4.2.11) lib/action_view/renderer/template_renderer.rb:40:in `determine_template'
  actionview (4.2.11) lib/action_view/renderer/template_renderer.rb:8:in `render'
  actionview (4.2.11) lib/action_view/renderer/renderer.rb:46:in `render_template'
  actionview (4.2.11) lib/action_view/renderer/renderer.rb:27:in `render'
  actionview (4.2.11) lib/action_view/rendering.rb:100:in `_render_template'
  actionpack (4.2.11) lib/action_controller/metal/streaming.rb:217:in `_render_template'
  actionview (4.2.11) lib/action_view/rendering.rb:83:in `render_to_body'
  actionpack (4.2.11) lib/action_controller/metal/rendering.rb:32:in `render_to_body'
  actionpack (4.2.11) lib/action_controller/metal/renderers.rb:37:in `render_to_body'
  actionpack (4.2.11) lib/abstract_controller/rendering.rb:25:in `render'
  actionpack (4.2.11) lib/action_controller/metal/rendering.rb:16:in `render'
  actionpack (4.2.11) lib/action_controller/metal/instrumentation.rb:44:in `block (2 levels) in render'
  activesupport (4.2.11) lib/active_support/core_ext/benchmark.rb:12:in `block in ms'
  /Users/Kev/.rvm/rubies/ruby-2.3.3/lib/ruby/2.3.0/benchmark.rb:308:in `realtime'
  activesupport (4.2.11) lib/active_support/core_ext/benchmark.rb:12:in `ms'
  actionpack (4.2.11) lib/action_controller/metal/instrumentation.rb:44:in `block in render'
  actionpack (4.2.11) lib/action_controller/metal/instrumentation.rb:87:in `cleanup_view_runtime'
  activerecord (4.2.11) lib/active_record/railties/controller_runtime.rb:25:in `cleanup_view_runtime'
  actionpack (4.2.11) lib/action_controller/metal/instrumentation.rb:43:in `render'
  actionpack (4.2.11) lib/action_controller/metal/implicit_render.rb:10:in `default_render'
  actionpack (4.2.11) lib/action_controller/metal/implicit_render.rb:5:in `send_action'
  actionpack (4.2.11) lib/abstract_controller/base.rb:198:in `process_action'
  actionpack (4.2.11) lib/action_controller/metal/rendering.rb:10:in `process_action'
  actionpack (4.2.11) lib/abstract_controller/callbacks.rb:20:in `block in process_action'
  activesupport (4.2.11) lib/active_support/callbacks.rb:117:in `call'
  activesupport (4.2.11) lib/active_support/callbacks.rb:555:in `block (2 levels) in compile'
  activesupport (4.2.11) lib/active_support/callbacks.rb:505:in `call'
  activesupport (4.2.11) lib/active_support/callbacks.rb:92:in `__run_callbacks__'
  activesupport (4.2.11) lib/active_support/callbacks.rb:778:in `_run_process_action_callbacks'
  activesupport (4.2.11) lib/active_support/callbacks.rb:81:in `run_callbacks'
  actionpack (4.2.11) lib/abstract_controller/callbacks.rb:19:in `process_action'
  actionpack (4.2.11) lib/action_controller/metal/rescue.rb:29:in `process_action'
  actionpack (4.2.11) lib/action_controller/metal/instrumentation.rb:32:in `block in process_action'
  activesupport (4.2.11) lib/active_support/notifications.rb:164:in `block in instrument'
  activesupport (4.2.11) lib/active_support/notifications/instrumenter.rb:20:in `instrument'
  activesupport (4.2.11) lib/active_support/notifications.rb:164:in `instrument'
  actionpack (4.2.11) lib/action_controller/metal/instrumentation.rb:30:in `process_action'
  actionpack (4.2.11) lib/action_controller/metal/params_wrapper.rb:250:in `process_action'
  activerecord (4.2.11) lib/active_record/railties/controller_runtime.rb:18:in `process_action'
  actionpack (4.2.11) lib/abstract_controller/base.rb:137:in `process'
  actionview (4.2.11) lib/action_view/rendering.rb:30:in `process'
  actionpack (4.2.11) lib/action_controller/metal.rb:196:in `dispatch'
  actionpack (4.2.11) lib/action_controller/metal/rack_delegation.rb:13:in `dispatch'
  actionpack (4.2.11) lib/action_controller/metal.rb:237:in `block in action'
  actionpack (4.2.11) lib/action_dispatch/routing/route_set.rb:74:in `dispatch'
  actionpack (4.2.11) lib/action_dispatch/routing/route_set.rb:43:in `serve'
  actionpack (4.2.11) lib/action_dispatch/journey/router.rb:43:in `block in serve'
  actionpack (4.2.11) lib/action_dispatch/journey/router.rb:30:in `each'
  actionpack (4.2.11) lib/action_dispatch/journey/router.rb:30:in `serve'
  actionpack (4.2.11) lib/action_dispatch/routing/route_set.rb:817:in `call'
  rack (1.6.11) lib/rack/etag.rb:24:in `call'
  rack (1.6.11) lib/rack/conditionalget.rb:25:in `call'
  rack (1.6.11) lib/rack/head.rb:13:in `call'
  actionpack (4.2.11) lib/action_dispatch/middleware/params_parser.rb:27:in `call'
  actionpack (4.2.11) lib/action_dispatch/middleware/flash.rb:260:in `call'
  rack (1.6.11) lib/rack/session/abstract/id.rb:225:in `context'
  rack (1.6.11) lib/rack/session/abstract/id.rb:220:in `call'
  actionpack (4.2.11) lib/action_dispatch/middleware/cookies.rb:560:in `call'
  activerecord (4.2.11) lib/active_record/query_cache.rb:36:in `call'
  activerecord (4.2.11) lib/active_record/connection_adapters/abstract/connection_pool.rb:653:in `call'
  activerecord (4.2.11) lib/active_record/migration.rb:377:in `call'
  actionpack (4.2.11) lib/action_dispatch/middleware/callbacks.rb:29:in `block in call'
  activesupport (4.2.11) lib/active_support/callbacks.rb:88:in `__run_callbacks__'
  activesupport (4.2.11) lib/active_support/callbacks.rb:778:in `_run_call_callbacks'
  activesupport (4.2.11) lib/active_support/callbacks.rb:81:in `run_callbacks'
  actionpack (4.2.11) lib/action_dispatch/middleware/callbacks.rb:27:in `call'
  actionpack (4.2.11) lib/action_dispatch/middleware/reloader.rb:73:in `call'
  actionpack (4.2.11) lib/action_dispatch/middleware/remote_ip.rb:78:in `call'
  actionpack (4.2.11) lib/action_dispatch/middleware/debug_exceptions.rb:17:in `call'
  actionpack (4.2.11) lib/action_dispatch/middleware/show_exceptions.rb:30:in `call'
  railties (4.2.11) lib/rails/rack/logger.rb:38:in `call_app'
  railties (4.2.11) lib/rails/rack/logger.rb:20:in `block in call'
  activesupport (4.2.11) lib/active_support/tagged_logging.rb:68:in `block in tagged'
  activesupport (4.2.11) lib/active_support/tagged_logging.rb:26:in `tagged'
  activesupport (4.2.11) lib/active_support/tagged_logging.rb:68:in `tagged'
  railties (4.2.11) lib/rails/rack/logger.rb:20:in `call'
  actionpack (4.2.11) lib/action_dispatch/middleware/request_id.rb:21:in `call'
  rack (1.6.11) lib/rack/methodoverride.rb:22:in `call'
  rack (1.6.11) lib/rack/runtime.rb:18:in `call'
  activesupport (4.2.11) lib/active_support/cache/strategy/local_cache_middleware.rb:28:in `call'
  rack (1.6.11) lib/rack/lock.rb:17:in `call'
  actionpack (4.2.11) lib/action_dispatch/middleware/static.rb:120:in `call'
  rack (1.6.11) lib/rack/sendfile.rb:113:in `call'
  railties (4.2.11) lib/rails/engine.rb:518:in `call'
  railties (4.2.11) lib/rails/application.rb:165:in `call'
  rack (1.6.11) lib/rack/lock.rb:17:in `call'
  rack (1.6.11) lib/rack/content_length.rb:15:in `call'
  rack (1.6.11) lib/rack/handler/webrick.rb:88:in `service'
  /Users/Kev/.rvm/rubies/ruby-2.3.3/lib/ruby/2.3.0/webrick/httpserver.rb:140:in `service'
  /Users/Kev/.rvm/rubies/ruby-2.3.3/lib/ruby/2.3.0/webrick/httpserver.rb:96:in `run'
  /Users/Kev/.rvm/rubies/ruby-2.3.3/lib/ruby/2.3.0/webrick/server.rb:296:in `block in start_thread'


  Rendered /Users/Kev/.rvm/gems/ruby-2.3.3/gems/actionpack-4.2.11/lib/action_dispatch/middleware/templates/rescues/_source.erb (4.9ms)
  Rendered /Users/Kev/.rvm/gems/ruby-2.3.3/gems/actionpack-4.2.11/lib/action_dispatch/middleware/templates/rescues/_trace.html.erb (2.1ms)
  Rendered /Users/Kev/.rvm/gems/ruby-2.3.3/gems/actionpack-4.2.11/lib/action_dispatch/middleware/templates/rescues/_request_and_response.html.erb (2.1ms)
  Rendered /Users/Kev/.rvm/gems/ruby-2.3.3/gems/actionpack-4.2.11/lib/action_dispatch/middleware/templates/rescues/missing_template.html.erb within rescues/layout (112.9ms)


Started GET "/students" for ::1 at 2019-01-01 18:55:06 +0000
Processing by StudentsController#index as HTML
  Rendered students/index.html.erb within layouts/application (0.4ms)
Completed 200 OK in 550ms (Views: 546.0ms | ActiveRecord: 0.0ms)


Started GET "/students/new" for ::1 at 2019-01-01 19:16:21 +0000
  [1m[36mActiveRecord::SchemaMigration Load (7.4ms)[0m  [1mSELECT "schema_migrations".* FROM "schema_migrations"[0m
Processing by StudentsController#new as HTML
  Rendered students/new.html.erb within layouts/application (18.1ms)
Completed 200 OK in 340ms (Views: 306.4ms | ActiveRecord: 0.8ms)


Started GET "/students/new" for ::1 at 2019-01-01 19:16:41 +0000
Processing by StudentsController#new as HTML
  Rendered students/new.html.erb within layouts/application (2.5ms)
Completed 200 OK in 38ms (Views: 36.5ms | ActiveRecord: 0.0ms)


Started GET "/students/new" for ::1 at 2019-01-01 19:16:50 +0000
Processing by StudentsController#new as HTML
  Rendered students/new.html.erb within layouts/application (1.9ms)
Completed 200 OK in 29ms (Views: 28.3ms | ActiveRecord: 0.0ms)


Started GET "/students/new" for ::1 at 2019-01-01 19:17:07 +0000
Processing by StudentsController#new as HTML
  Rendered students/new.html.erb within layouts/application (2.0ms)
Completed 200 OK in 32ms (Views: 31.7ms | ActiveRecord: 0.0ms)


Started GET "/students/new" for ::1 at 2019-01-01 19:17:18 +0000
Processing by StudentsController#new as HTML
  Rendered students/new.html.erb within layouts/application (2.5ms)
Completed 200 OK in 28ms (Views: 27.0ms | ActiveRecord: 0.0ms)


Started POST "/students" for ::1 at 2019-01-01 19:17:26 +0000
Processing by StudentsController#create as HTML
  Parameters: {"utf8"=>"✓", "authenticity_token"=>"thhzMQ6GrMwxbMRlth+yv/w72qtOI9ToJxG/3hxNFOxbtwU2QoFYdIhYL61Zoq+ZtMgThVjy+sQgTqoCD+rLbQ==", "student"=>{"first_name"=>"Kev", "last_name"=>"Sutton"}, "commit"=>"Create Student"}
  [1m[35m (0.1ms)[0m  begin transaction
  [1m[36mSQL (1.3ms)[0m  [1mINSERT INTO "students" ("created_at", "updated_at") VALUES (?, ?)[0m  [["created_at", "2019-01-01 19:17:26.065668"], ["updated_at", "2019-01-01 19:17:26.065668"]]
  [1m[35m (1.3ms)[0m  commit transaction
Redirected to http://localhost:4000/students/3
Completed 302 Found in 8ms (ActiveRecord: 2.7ms)


Started GET "/students/3" for ::1 at 2019-01-01 19:17:26 +0000
Processing by StudentsController#show as HTML
  Parameters: {"id"=>"3"}
  [1m[36mStudent Load (0.2ms)[0m  [1mSELECT  "students".* FROM "students" WHERE "students"."id" = ? LIMIT 1[0m  [["id", 3]]
  Rendered students/show.html.erb within layouts/application (0.6ms)
Completed 200 OK in 51ms (Views: 37.4ms | ActiveRecord: 0.2ms)


Started POST "/students" for ::1 at 2019-01-01 19:18:21 +0000
Processing by StudentsController#create as HTML
  Parameters: {"utf8"=>"✓", "authenticity_token"=>"thhzMQ6GrMwxbMRlth+yv/w72qtOI9ToJxG/3hxNFOxbtwU2QoFYdIhYL61Zoq+ZtMgThVjy+sQgTqoCD+rLbQ==", "student"=>{"first_name"=>"Kev", "last_name"=>"Sutton"}, "commit"=>"Create Student"}
  [1m[35m (0.1ms)[0m  begin transaction
  [1m[36mSQL (0.5ms)[0m  [1mINSERT INTO "students" ("created_at", "updated_at") VALUES (?, ?)[0m  [["created_at", "2019-01-01 19:18:21.973734"], ["updated_at", "2019-01-01 19:18:21.973734"]]
  [1m[35m (1.0ms)[0m  commit transaction
Redirected to http://localhost:4000/students/4
Completed 302 Found in 5ms (ActiveRecord: 1.5ms)


Started GET "/students/4" for ::1 at 2019-01-01 19:18:21 +0000
Processing by StudentsController#show as HTML
  Parameters: {"id"=>"4"}
  [1m[36mStudent Load (0.2ms)[0m  [1mSELECT  "students".* FROM "students" WHERE "students"."id" = ? LIMIT 1[0m  [["id", 4]]
  Rendered students/show.html.erb within layouts/application (0.1ms)
Completed 200 OK in 65ms (Views: 63.2ms | ActiveRecord: 0.2ms)


Started GET "/students/new" for ::1 at 2019-01-01 19:21:15 +0000
  [1m[36mActiveRecord::SchemaMigration Load (8.2ms)[0m  [1mSELECT "schema_migrations".* FROM "schema_migrations"[0m
Processing by StudentsController#new as HTML
  Rendered students/new.html.erb within layouts/application (1.9ms)
Completed 200 OK in 295ms (Views: 273.8ms | ActiveRecord: 0.4ms)


Started GET "/students/new" for ::1 at 2019-01-01 19:21:30 +0000
Processing by StudentsController#new as HTML
  Rendered students/new.html.erb within layouts/application (1.2ms)
Completed 200 OK in 31ms (Views: 30.6ms | ActiveRecord: 0.0ms)


Started GET "/students/new" for ::1 at 2019-01-01 19:21:38 +0000
Processing by StudentsController#new as HTML
  Rendered students/new.html.erb within layouts/application (1.5ms)
Completed 200 OK in 28ms (Views: 27.0ms | ActiveRecord: 0.0ms)


Started POST "/students" for ::1 at 2019-01-01 19:21:46 +0000
Processing by StudentsController#create as HTML
  Parameters: {"utf8"=>"✓", "authenticity_token"=>"jf9ASJs2fcxXTlpZb/CRLHA06eTFW+hSp+qYhdDWPSJgUDZP1zGJdO56sZGATYwKOMcgytOKxn6gtY1Zw3Hiow==", "first_name"=>"Kev ", "last_name"=>"Sutto", "commit"=>"Submit Post"}
  [1m[35m (0.1ms)[0m  begin transaction
  [1m[36mSQL (0.6ms)[0m  [1mINSERT INTO "students" ("first_name", "last_name", "created_at", "updated_at") VALUES (?, ?, ?, ?)[0m  [["first_name", "Kev "], ["last_name", "Sutto"], ["created_at", "2019-01-01 19:21:46.798333"], ["updated_at", "2019-01-01 19:21:46.798333"]]
  [1m[35m (1.2ms)[0m  commit transaction
Redirected to http://localhost:4000/students/5
Completed 302 Found in 9ms (ActiveRecord: 1.8ms)


Started GET "/students/5" for ::1 at 2019-01-01 19:21:46 +0000
Processing by StudentsController#show as HTML
  Parameters: {"id"=>"5"}
  [1m[36mStudent Load (0.3ms)[0m  [1mSELECT  "students".* FROM "students" WHERE "students"."id" = ? LIMIT 1[0m  [["id", 5]]
  Rendered students/show.html.erb within layouts/application (0.6ms)
Completed 200 OK in 48ms (Views: 36.9ms | ActiveRecord: 0.3ms)


Started GET "/students/5/edit" for ::1 at 2019-01-01 19:22:17 +0000
Processing by StudentsController#edit as HTML
  Parameters: {"id"=>"5"}
  [1m[35mStudent Load (0.2ms)[0m  SELECT  "students".* FROM "students" WHERE "students"."id" = ? LIMIT 1  [["id", 5]]
  Rendered students/edit.html.erb within layouts/application (20.7ms)
Completed 200 OK in 58ms (Views: 56.1ms | ActiveRecord: 0.2ms)


Started PATCH "/students/5" for ::1 at 2019-01-01 19:22:21 +0000
Processing by StudentsController#update as HTML
  Parameters: {"utf8"=>"✓", "authenticity_token"=>"8NnuSEtP/dDSn0sW7WGgk82ludiLlZ1QHblIaESxEYAddphPB0gJaGuroN4C3L21hVZw9p1Es3wa5l20VxbOAQ==", "student"=>{"first_name"=>"Kev ", "last_name"=>"Suttob"}, "commit"=>"Update Student", "id"=>"5"}
  [1m[36mStudent Load (0.3ms)[0m  [1mSELECT  "students".* FROM "students" WHERE "students"."id" = ? LIMIT 1[0m  [["id", 5]]
  [1m[35m (0.1ms)[0m  begin transaction
  [1m[36mSQL (0.6ms)[0m  [1mUPDATE "students" SET "last_name" = ?, "updated_at" = ? WHERE "students"."id" = ?[0m  [["last_name", "Suttob"], ["updated_at", "2019-01-01 19:22:21.420542"], ["id", 5]]
  [1m[35m (0.8ms)[0m  commit transaction
Redirected to http://localhost:4000/students/5
Completed 302 Found in 8ms (ActiveRecord: 1.8ms)


Started GET "/students/5" for ::1 at 2019-01-01 19:22:21 +0000
Processing by StudentsController#show as HTML
  Parameters: {"id"=>"5"}
  [1m[36mStudent Load (0.3ms)[0m  [1mSELECT  "students".* FROM "students" WHERE "students"."id" = ? LIMIT 1[0m  [["id", 5]]
  Rendered students/show.html.erb within layouts/application (0.3ms)
Completed 200 OK in 35ms (Views: 32.3ms | ActiveRecord: 0.3ms)


Started GET "/students/5/edit" for ::1 at 2019-01-01 19:22:26 +0000
Processing by StudentsController#edit as HTML
  Parameters: {"id"=>"5"}
  [1m[35mStudent Load (0.4ms)[0m  SELECT  "students".* FROM "students" WHERE "students"."id" = ? LIMIT 1  [["id", 5]]
  Rendered students/edit.html.erb within layouts/application (1.4ms)
Completed 200 OK in 37ms (Views: 35.0ms | ActiveRecord: 0.4ms)


Started PATCH "/students/5" for ::1 at 2019-01-01 19:22:30 +0000
Processing by StudentsController#update as HTML
  Parameters: {"utf8"=>"✓", "authenticity_token"=>"40oWs3Hu09FtNb1r8qFsKs+q381dXD1BydMbv4P8DoQO5WC0PeknadQBVqMdHHEMh1kW40uNE23OjA5jkFvRBQ==", "student"=>{"first_name"=>"Mike", "last_name"=>"Suttob"}, "commit"=>"Update Student", "id"=>"5"}
  [1m[36mStudent Load (0.1ms)[0m  [1mSELECT  "students".* FROM "students" WHERE "students"."id" = ? LIMIT 1[0m  [["id", 5]]
  [1m[35m (0.1ms)[0m  begin transaction
  [1m[36mSQL (0.7ms)[0m  [1mUPDATE "students" SET "first_name" = ?, "updated_at" = ? WHERE "students"."id" = ?[0m  [["first_name", "Mike"], ["updated_at", "2019-01-01 19:22:30.578983"], ["id", 5]]
  [1m[35m (1.1ms)[0m  commit transaction
Redirected to http://localhost:4000/students/5
Completed 302 Found in 6ms (ActiveRecord: 2.0ms)


Started GET "/students/5" for ::1 at 2019-01-01 19:22:30 +0000
Processing by StudentsController#show as HTML
  Parameters: {"id"=>"5"}
  [1m[36mStudent Load (0.2ms)[0m  [1mSELECT  "students".* FROM "students" WHERE "students"."id" = ? LIMIT 1[0m  [["id", 5]]
  Rendered students/show.html.erb within layouts/application (0.1ms)
Completed 200 OK in 36ms (Views: 33.9ms | ActiveRecord: 0.2ms)


Started GET "/patients" for ::1 at 2019-01-02 12:38:44 +0000
  [1m[36mActiveRecord::SchemaMigration Load (0.4ms)[0m  [1mSELECT "schema_migrations".* FROM "schema_migrations"[0m

ActionController::RoutingError (No route matches [GET] "/patients"):
  actionpack (4.2.11) lib/action_dispatch/middleware/debug_exceptions.rb:21:in `call'
  actionpack (4.2.11) lib/action_dispatch/middleware/show_exceptions.rb:30:in `call'
  railties (4.2.11) lib/rails/rack/logger.rb:38:in `call_app'
  railties (4.2.11) lib/rails/rack/logger.rb:20:in `block in call'
  activesupport (4.2.11) lib/active_support/tagged_logging.rb:68:in `block in tagged'
  activesupport (4.2.11) lib/active_support/tagged_logging.rb:26:in `tagged'
  activesupport (4.2.11) lib/active_support/tagged_logging.rb:68:in `tagged'
  railties (4.2.11) lib/rails/rack/logger.rb:20:in `call'
  actionpack (4.2.11) lib/action_dispatch/middleware/request_id.rb:21:in `call'
  rack (1.6.11) lib/rack/methodoverride.rb:22:in `call'
  rack (1.6.11) lib/rack/runtime.rb:18:in `call'
  activesupport (4.2.11) lib/active_support/cache/strategy/local_cache_middleware.rb:28:in `call'
  rack (1.6.11) lib/rack/lock.rb:17:in `call'
  actionpack (4.2.11) lib/action_dispatch/middleware/static.rb:120:in `call'
  rack (1.6.11) lib/rack/sendfile.rb:113:in `call'
  railties (4.2.11) lib/rails/engine.rb:518:in `call'
  railties (4.2.11) lib/rails/application.rb:165:in `call'
  rack (1.6.11) lib/rack/lock.rb:17:in `call'
  rack (1.6.11) lib/rack/content_length.rb:15:in `call'
  rack (1.6.11) lib/rack/handler/webrick.rb:88:in `service'
  /Users/Kev/.rvm/rubies/ruby-2.3.3/lib/ruby/2.3.0/webrick/httpserver.rb:140:in `service'
  /Users/Kev/.rvm/rubies/ruby-2.3.3/lib/ruby/2.3.0/webrick/httpserver.rb:96:in `run'
  /Users/Kev/.rvm/rubies/ruby-2.3.3/lib/ruby/2.3.0/webrick/server.rb:296:in `block in start_thread'


  Rendered /Users/Kev/.rvm/gems/ruby-2.3.3/gems/actionpack-4.2.11/lib/action_dispatch/middleware/templates/rescues/_trace.html.erb (1.3ms)
  Rendered /Users/Kev/.rvm/gems/ruby-2.3.3/gems/actionpack-4.2.11/lib/action_dispatch/middleware/templates/routes/_route.html.erb (2.1ms)
  Rendered /Users/Kev/.rvm/gems/ruby-2.3.3/gems/actionpack-4.2.11/lib/action_dispatch/middleware/templates/routes/_table.html.erb (8.4ms)
  Rendered /Users/Kev/.rvm/gems/ruby-2.3.3/gems/actionpack-4.2.11/lib/action_dispatch/middleware/templates/rescues/_request_and_response.html.erb (9.8ms)
  Rendered /Users/Kev/.rvm/gems/ruby-2.3.3/gems/actionpack-4.2.11/lib/action_dispatch/middleware/templates/rescues/routing_error.html.erb within rescues/layout (172.7ms)


Started GET "/students" for ::1 at 2019-01-02 12:38:47 +0000
Processing by StudentsController#index as HTML
  [1m[35mStudent Load (1.3ms)[0m  SELECT "students".* FROM "students"
  Rendered students/index.html.erb within layouts/application (24.8ms)
Completed 500 Internal Server Error in 47ms (ActiveRecord: 2.0ms)

ActionView::Template::Error (undefined method `+' for nil:NilClass):
    1: <h1>All Students</h1>
    2: <div>
    3:   <% @students.each do |student| %>
    4:     <div><%= link_to student.to_s, student_path(student) %></div>
    5:   <% end %>
    6: </div>
  app/models/student.rb:3:in `to_s'
  app/views/students/index.html.erb:4:in `block in _app_views_students_index_html_erb___3946868399952803915_70341587121440'
  app/views/students/index.html.erb:3:in `_app_views_students_index_html_erb___3946868399952803915_70341587121440'


  Rendered /Users/Kev/.rvm/gems/ruby-2.3.3/gems/actionpack-4.2.11/lib/action_dispatch/middleware/templates/rescues/_source.erb (5.4ms)
  Rendered /Users/Kev/.rvm/gems/ruby-2.3.3/gems/actionpack-4.2.11/lib/action_dispatch/middleware/templates/rescues/_trace.html.erb (3.8ms)
  Rendered /Users/Kev/.rvm/gems/ruby-2.3.3/gems/actionpack-4.2.11/lib/action_dispatch/middleware/templates/rescues/_request_and_response.html.erb (1.6ms)
  Rendered /Users/Kev/.rvm/gems/ruby-2.3.3/gems/actionpack-4.2.11/lib/action_dispatch/middleware/templates/rescues/template_error.html.erb within rescues/layout (108.0ms)


Started GET "/students/new" for ::1 at 2019-01-02 12:39:02 +0000
Processing by StudentsController#new as HTML
  Rendered students/new.html.erb within layouts/application (15.2ms)
Completed 200 OK in 345ms (Views: 343.7ms | ActiveRecord: 0.0ms)


Started POST "/students" for ::1 at 2019-01-02 12:39:11 +0000
Processing by StudentsController#create as HTML
  Parameters: {"utf8"=>"✓", "authenticity_token"=>"+P25LXaJRrB46VRQEAzJLNGjNO9jOKP03mYFBy9Rp8cVUs8qOo6yCMHdv5j/sdQKmVD9wXXpjdjZORDbPPZ4Rg==", "student"=>{"first_name"=>"Krv", "last_name"=>"Boobo"}, "commit"=>"Create Student"}
  [1m[36m (0.1ms)[0m  [1mbegin transaction[0m
  [1m[35mSQL (0.8ms)[0m  INSERT INTO "students" ("created_at", "updated_at") VALUES (?, ?)  [["created_at", "2019-01-02 12:39:11.048734"], ["updated_at", "2019-01-02 12:39:11.048734"]]
  [1m[36m (2.0ms)[0m  [1mcommit transaction[0m
Redirected to http://localhost:3000/students/6
Completed 302 Found in 6ms (ActiveRecord: 2.9ms)


Started GET "/students/6" for ::1 at 2019-01-02 12:39:11 +0000
Processing by StudentsController#show as HTML
  Parameters: {"id"=>"6"}
  [1m[35mStudent Load (0.3ms)[0m  SELECT  "students".* FROM "students" WHERE "students"."id" = ? LIMIT 1  [["id", 6]]
  Rendered students/show.html.erb within layouts/application (1.2ms)
Completed 200 OK in 50ms (Views: 37.6ms | ActiveRecord: 0.3ms)


Started POST "/students" for ::1 at 2019-01-02 12:40:44 +0000
Processing by StudentsController#create as HTML
  Parameters: {"utf8"=>"✓", "authenticity_token"=>"+P25LXaJRrB46VRQEAzJLNGjNO9jOKP03mYFBy9Rp8cVUs8qOo6yCMHdv5j/sdQKmVD9wXXpjdjZORDbPPZ4Rg==", "student"=>{"first_name"=>"Krv", "last_name"=>"Boobo"}, "commit"=>"Create Student"}
  [1m[36m (0.1ms)[0m  [1mbegin transaction[0m
  [1m[35mSQL (0.8ms)[0m  INSERT INTO "students" ("first_name", "last_name", "created_at", "updated_at") VALUES (?, ?, ?, ?)  [["first_name", "Krv"], ["last_name", "Boobo"], ["created_at", "2019-01-02 12:40:44.152180"], ["updated_at", "2019-01-02 12:40:44.152180"]]
  [1m[36m (1.1ms)[0m  [1mcommit transaction[0m
Redirected to http://localhost:3000/students/7
Redirected to 
Completed 500 Internal Server Error in 30ms (ActiveRecord: 3.3ms)

AbstractController::DoubleRenderError (Render and/or redirect were called multiple times in this action. Please note that you may only call render OR redirect, and at most once per action. Also note that neither redirect nor render terminate execution of the action, so if you want to exit an action after redirecting, you need to do something like "redirect_to(...) and return".):
  app/controllers/students_controller.rb:19:in `create'


  Rendered /Users/Kev/.rvm/gems/ruby-2.3.3/gems/actionpack-4.2.11/lib/action_dispatch/middleware/templates/rescues/_source.erb (5.0ms)
  Rendered /Users/Kev/.rvm/gems/ruby-2.3.3/gems/actionpack-4.2.11/lib/action_dispatch/middleware/templates/rescues/_trace.html.erb (1.7ms)
  Rendered /Users/Kev/.rvm/gems/ruby-2.3.3/gems/actionpack-4.2.11/lib/action_dispatch/middleware/templates/rescues/_request_and_response.html.erb (0.8ms)
  Rendered /Users/Kev/.rvm/gems/ruby-2.3.3/gems/actionpack-4.2.11/lib/action_dispatch/middleware/templates/rescues/diagnostics.html.erb within rescues/layout (109.2ms)


Started POST "/students" for ::1 at 2019-01-02 12:41:10 +0000
Processing by StudentsController#create as HTML
  Parameters: {"utf8"=>"✓", "authenticity_token"=>"+P25LXaJRrB46VRQEAzJLNGjNO9jOKP03mYFBy9Rp8cVUs8qOo6yCMHdv5j/sdQKmVD9wXXpjdjZORDbPPZ4Rg==", "student"=>{"first_name"=>"Krv", "last_name"=>"Boobo"}, "commit"=>"Create Student"}
  [1m[35m (1.9ms)[0m  begin transaction
  [1m[36mSQL (0.7ms)[0m  [1mINSERT INTO "students" ("first_name", "last_name", "created_at", "updated_at") VALUES (?, ?, ?, ?)[0m  [["first_name", "Krv"], ["last_name", "Boobo"], ["created_at", "2019-01-02 12:41:10.892682"], ["updated_at", "2019-01-02 12:41:10.892682"]]
  [1m[35m (9.0ms)[0m  commit transaction
Redirected to http://localhost:3000/students/8
Completed 302 Found in 68ms (ActiveRecord: 19.0ms)


Started GET "/students/8" for ::1 at 2019-01-02 12:41:10 +0000
Processing by StudentsController#show as HTML
  Parameters: {"id"=>"8"}
  [1m[36mStudent Load (0.2ms)[0m  [1mSELECT  "students".* FROM "students" WHERE "students"."id" = ? LIMIT 1[0m  [["id", 8]]
  Rendered students/show.html.erb within layouts/application (0.1ms)
Completed 200 OK in 35ms (Views: 33.1ms | ActiveRecord: 0.2ms)


Started GET "/schoolclass/new" for ::1 at 2019-01-02 13:24:49 +0000
  [1m[36mActiveRecord::SchemaMigration Load (0.1ms)[0m  [1mSELECT "schema_migrations".* FROM "schema_migrations"[0m

ActionController::RoutingError (No route matches [GET] "/schoolclass/new"):
  actionpack (4.2.11) lib/action_dispatch/middleware/debug_exceptions.rb:21:in `call'
  actionpack (4.2.11) lib/action_dispatch/middleware/show_exceptions.rb:30:in `call'
  railties (4.2.11) lib/rails/rack/logger.rb:38:in `call_app'
  railties (4.2.11) lib/rails/rack/logger.rb:20:in `block in call'
  activesupport (4.2.11) lib/active_support/tagged_logging.rb:68:in `block in tagged'
  activesupport (4.2.11) lib/active_support/tagged_logging.rb:26:in `tagged'
  activesupport (4.2.11) lib/active_support/tagged_logging.rb:68:in `tagged'
  railties (4.2.11) lib/rails/rack/logger.rb:20:in `call'
  actionpack (4.2.11) lib/action_dispatch/middleware/request_id.rb:21:in `call'
  rack (1.6.11) lib/rack/methodoverride.rb:22:in `call'
  rack (1.6.11) lib/rack/runtime.rb:18:in `call'
  activesupport (4.2.11) lib/active_support/cache/strategy/local_cache_middleware.rb:28:in `call'
  rack (1.6.11) lib/rack/lock.rb:17:in `call'
  actionpack (4.2.11) lib/action_dispatch/middleware/static.rb:120:in `call'
  rack (1.6.11) lib/rack/sendfile.rb:113:in `call'
  railties (4.2.11) lib/rails/engine.rb:518:in `call'
  railties (4.2.11) lib/rails/application.rb:165:in `call'
  rack (1.6.11) lib/rack/lock.rb:17:in `call'
  rack (1.6.11) lib/rack/content_length.rb:15:in `call'
  rack (1.6.11) lib/rack/handler/webrick.rb:88:in `service'
  /Users/Kev/.rvm/rubies/ruby-2.3.3/lib/ruby/2.3.0/webrick/httpserver.rb:140:in `service'
  /Users/Kev/.rvm/rubies/ruby-2.3.3/lib/ruby/2.3.0/webrick/httpserver.rb:96:in `run'
  /Users/Kev/.rvm/rubies/ruby-2.3.3/lib/ruby/2.3.0/webrick/server.rb:296:in `block in start_thread'


  Rendered /Users/Kev/.rvm/gems/ruby-2.3.3/gems/actionpack-4.2.11/lib/action_dispatch/middleware/templates/rescues/_trace.html.erb (1.1ms)
  Rendered /Users/Kev/.rvm/gems/ruby-2.3.3/gems/actionpack-4.2.11/lib/action_dispatch/middleware/templates/routes/_route.html.erb (1.1ms)
  Rendered /Users/Kev/.rvm/gems/ruby-2.3.3/gems/actionpack-4.2.11/lib/action_dispatch/middleware/templates/routes/_table.html.erb (11.4ms)
  Rendered /Users/Kev/.rvm/gems/ruby-2.3.3/gems/actionpack-4.2.11/lib/action_dispatch/middleware/templates/rescues/_request_and_response.html.erb (11.3ms)
  Rendered /Users/Kev/.rvm/gems/ruby-2.3.3/gems/actionpack-4.2.11/lib/action_dispatch/middleware/templates/rescues/routing_error.html.erb within rescues/layout (180.8ms)


Started GET "/school_class/new" for ::1 at 2019-01-02 13:24:53 +0000

ActionController::RoutingError (No route matches [GET] "/school_class/new"):
  actionpack (4.2.11) lib/action_dispatch/middleware/debug_exceptions.rb:21:in `call'
  actionpack (4.2.11) lib/action_dispatch/middleware/show_exceptions.rb:30:in `call'
  railties (4.2.11) lib/rails/rack/logger.rb:38:in `call_app'
  railties (4.2.11) lib/rails/rack/logger.rb:20:in `block in call'
  activesupport (4.2.11) lib/active_support/tagged_logging.rb:68:in `block in tagged'
  activesupport (4.2.11) lib/active_support/tagged_logging.rb:26:in `tagged'
  activesupport (4.2.11) lib/active_support/tagged_logging.rb:68:in `tagged'
  railties (4.2.11) lib/rails/rack/logger.rb:20:in `call'
  actionpack (4.2.11) lib/action_dispatch/middleware/request_id.rb:21:in `call'
  rack (1.6.11) lib/rack/methodoverride.rb:22:in `call'
  rack (1.6.11) lib/rack/runtime.rb:18:in `call'
  activesupport (4.2.11) lib/active_support/cache/strategy/local_cache_middleware.rb:28:in `call'
  rack (1.6.11) lib/rack/lock.rb:17:in `call'
  actionpack (4.2.11) lib/action_dispatch/middleware/static.rb:120:in `call'
  rack (1.6.11) lib/rack/sendfile.rb:113:in `call'
  railties (4.2.11) lib/rails/engine.rb:518:in `call'
  railties (4.2.11) lib/rails/application.rb:165:in `call'
  rack (1.6.11) lib/rack/lock.rb:17:in `call'
  rack (1.6.11) lib/rack/content_length.rb:15:in `call'
  rack (1.6.11) lib/rack/handler/webrick.rb:88:in `service'
  /Users/Kev/.rvm/rubies/ruby-2.3.3/lib/ruby/2.3.0/webrick/httpserver.rb:140:in `service'
  /Users/Kev/.rvm/rubies/ruby-2.3.3/lib/ruby/2.3.0/webrick/httpserver.rb:96:in `run'
  /Users/Kev/.rvm/rubies/ruby-2.3.3/lib/ruby/2.3.0/webrick/server.rb:296:in `block in start_thread'


  Rendered /Users/Kev/.rvm/gems/ruby-2.3.3/gems/actionpack-4.2.11/lib/action_dispatch/middleware/templates/rescues/_trace.html.erb (1.5ms)
  Rendered /Users/Kev/.rvm/gems/ruby-2.3.3/gems/actionpack-4.2.11/lib/action_dispatch/middleware/templates/routes/_route.html.erb (2.1ms)
  Rendered /Users/Kev/.rvm/gems/ruby-2.3.3/gems/actionpack-4.2.11/lib/action_dispatch/middleware/templates/routes/_table.html.erb (1.2ms)
  Rendered /Users/Kev/.rvm/gems/ruby-2.3.3/gems/actionpack-4.2.11/lib/action_dispatch/middleware/templates/rescues/_request_and_response.html.erb (1.7ms)
  Rendered /Users/Kev/.rvm/gems/ruby-2.3.3/gems/actionpack-4.2.11/lib/action_dispatch/middleware/templates/rescues/routing_error.html.erb within rescues/layout (171.2ms)


Started GET "/school_classes/new" for ::1 at 2019-01-02 13:25:20 +0000
Processing by SchoolClassesController#new as HTML
  Rendered school_classes/new.html.erb within layouts/application (14.7ms)
Completed 200 OK in 310ms (Views: 289.9ms | ActiveRecord: 0.7ms)


Started GET "/school_classes/new" for ::1 at 2019-01-02 13:27:17 +0000
Processing by SchoolClassesController#new as HTML
  Rendered school_classes/new.html.erb within layouts/application (15.3ms)
Completed 200 OK in 46ms (Views: 44.6ms | ActiveRecord: 0.0ms)


Started POST "/school_classes" for ::1 at 2019-01-02 13:27:33 +0000
Processing by SchoolClassesController#create as HTML
  Parameters: {"utf8"=>"✓", "authenticity_token"=>"hDFt6g/2wz1bL2k4YgK0WPgmrhzLgOn/5Kzj+3+DgYZpnhvtQ/E3heIbgvCNv6l+sNVnMt1Rx9Pj8/YnbCReBw==", "school_class"=>{"title"=>"Mathmatics", "room_number"=>"101"}, "commit"=>"Create School class"}
  [1m[35m (0.1ms)[0m  begin transaction
  [1m[36mSQL (1.1ms)[0m  [1mINSERT INTO "school_classes" ("title", "room_number", "created_at", "updated_at") VALUES (?, ?, ?, ?)[0m  [["title", "Mathmatics"], ["room_number", 101], ["created_at", "2019-01-02 13:27:33.998194"], ["updated_at", "2019-01-02 13:27:33.998194"]]
  [1m[35m (2.3ms)[0m  commit transaction
Redirected to http://localhost:3000/school_classes/1
Completed 302 Found in 9ms (ActiveRecord: 3.5ms)


Started GET "/school_classes/1" for ::1 at 2019-01-02 13:27:34 +0000
Processing by SchoolClassesController#show as HTML
  Parameters: {"id"=>"1"}
  [1m[36mSchoolClass Load (0.2ms)[0m  [1mSELECT  "school_classes".* FROM "school_classes" WHERE "school_classes"."id" = ? LIMIT 1[0m  [["id", 1]]
  Rendered school_classes/show.html.erb within layouts/application (2.4ms)
Completed 200 OK in 49ms (Views: 35.4ms | ActiveRecord: 0.2ms)


Started GET "/school_classes/1" for ::1 at 2019-01-02 13:28:17 +0000
Processing by SchoolClassesController#show as HTML
  Parameters: {"id"=>"1"}
  [1m[35mSchoolClass Load (0.2ms)[0m  SELECT  "school_classes".* FROM "school_classes" WHERE "school_classes"."id" = ? LIMIT 1  [["id", 1]]
  Rendered school_classes/show.html.erb within layouts/application (25.6ms)
Completed 500 Internal Server Error in 35ms (ActiveRecord: 0.2ms)

ActionView::Template::Error (undefined method `class_number' for #<SchoolClass:0x007fd01f6ff0f8>
Did you mean?  class_eval):
    1: <h1> Class Name: <%= @schoolclass.title %><h1>
    2: <h1> Class Number: <%= @schoolclass.class_number %><h1>
  app/views/school_classes/show.html.erb:2:in `_app_views_school_classes_show_html_erb___4592142280277366941_70265928674240'


  Rendered /Users/Kev/.rvm/gems/ruby-2.3.3/gems/actionpack-4.2.11/lib/action_dispatch/middleware/templates/rescues/_source.erb (8.9ms)
  Rendered /Users/Kev/.rvm/gems/ruby-2.3.3/gems/actionpack-4.2.11/lib/action_dispatch/middleware/templates/rescues/_trace.html.erb (4.2ms)
  Rendered /Users/Kev/.rvm/gems/ruby-2.3.3/gems/actionpack-4.2.11/lib/action_dispatch/middleware/templates/rescues/_request_and_response.html.erb (2.1ms)
  Rendered /Users/Kev/.rvm/gems/ruby-2.3.3/gems/actionpack-4.2.11/lib/action_dispatch/middleware/templates/rescues/template_error.html.erb within rescues/layout (122.8ms)


Started POST "/school_classes" for ::1 at 2019-01-02 13:28:26 +0000
Processing by SchoolClassesController#create as HTML
  Parameters: {"utf8"=>"✓", "authenticity_token"=>"hDFt6g/2wz1bL2k4YgK0WPgmrhzLgOn/5Kzj+3+DgYZpnhvtQ/E3heIbgvCNv6l+sNVnMt1Rx9Pj8/YnbCReBw==", "school_class"=>{"title"=>"Mathmatics", "room_number"=>"101"}, "commit"=>"Create School class"}
  [1m[36m (0.1ms)[0m  [1mbegin transaction[0m
  [1m[35mSQL (0.4ms)[0m  INSERT INTO "school_classes" ("title", "room_number", "created_at", "updated_at") VALUES (?, ?, ?, ?)  [["title", "Mathmatics"], ["room_number", 101], ["created_at", "2019-01-02 13:28:26.452748"], ["updated_at", "2019-01-02 13:28:26.452748"]]
  [1m[36m (1.5ms)[0m  [1mcommit transaction[0m
Redirected to http://localhost:3000/school_classes/2
Completed 302 Found in 5ms (ActiveRecord: 2.0ms)


Started GET "/school_classes/2" for ::1 at 2019-01-02 13:28:26 +0000
Processing by SchoolClassesController#show as HTML
  Parameters: {"id"=>"2"}
  [1m[35mSchoolClass Load (0.5ms)[0m  SELECT  "school_classes".* FROM "school_classes" WHERE "school_classes"."id" = ? LIMIT 1  [["id", 2]]
  Rendered school_classes/show.html.erb within layouts/application (1.2ms)
Completed 200 OK in 80ms (Views: 77.6ms | ActiveRecord: 0.5ms)


Started GET "/school_classes/2/edit" for ::1 at 2019-01-02 13:34:16 +0000
  [1m[36mActiveRecord::SchemaMigration Load (0.1ms)[0m  [1mSELECT "schema_migrations".* FROM "schema_migrations"[0m
Processing by SchoolClassesController#edit as HTML
  Parameters: {"id"=>"2"}
  [1m[35mSchoolClass Load (0.3ms)[0m  SELECT  "school_classes".* FROM "school_classes" WHERE "school_classes"."id" = ? LIMIT 1  [["id", 2]]
  Rendered school_classes/edit.html.erb within layouts/application (26.7ms)
Completed 200 OK in 321ms (Views: 283.4ms | ActiveRecord: 0.6ms)


Started PATCH "/school_classes/2" for ::1 at 2019-01-02 13:34:21 +0000
Processing by SchoolClassesController#update as HTML
  Parameters: {"utf8"=>"✓", "authenticity_token"=>"dgbagY+EyPWcHyn3Cy9kXigo3NeVtcsfD7TLst/2aBabqayGw4M8TSUrwj/kknl4YNsV+YNk5TMI695uzFG3lw==", "school_class"=>{"title"=>"Mathmatics", "room_number"=>"102"}, "commit"=>"Update School class", "id"=>"2"}
  [1m[36mSchoolClass Load (0.2ms)[0m  [1mSELECT  "school_classes".* FROM "school_classes" WHERE "school_classes"."id" = ? LIMIT 1[0m  [["id", 2]]
  [1m[35m (0.2ms)[0m  begin transaction
  [1m[36mSQL (1.3ms)[0m  [1mUPDATE "school_classes" SET "room_number" = ?, "updated_at" = ? WHERE "school_classes"."id" = ?[0m  [["room_number", 102], ["updated_at", "2019-01-02 13:34:21.320894"], ["id", 2]]
  [1m[35m (2.2ms)[0m  commit transaction
Redirected to http://localhost:3000/school_classes/2
Completed 302 Found in 10ms (ActiveRecord: 3.8ms)


Started GET "/school_classes/2" for ::1 at 2019-01-02 13:34:21 +0000
Processing by SchoolClassesController#show as HTML
  Parameters: {"id"=>"2"}
  [1m[36mSchoolClass Load (0.2ms)[0m  [1mSELECT  "school_classes".* FROM "school_classes" WHERE "school_classes"."id" = ? LIMIT 1[0m  [["id", 2]]
  Rendered school_classes/show.html.erb within layouts/application (0.7ms)
Completed 200 OK in 35ms (Views: 33.4ms | ActiveRecord: 0.2ms)
